Determining if the pthread_create exist failed with the following output:
Change Dir: /home/yllieroronnoc/playing_around_argh/build/CMakeFiles/CMakeTmp

Run Build Command:"/usr/bin/make" "cmTC_44012/fast"
/usr/bin/make -f CMakeFiles/cmTC_44012.dir/build.make CMakeFiles/cmTC_44012.dir/build
make[1]: Entering directory '/home/yllieroronnoc/playing_around_argh/build/CMakeFiles/CMakeTmp'
Building C object CMakeFiles/cmTC_44012.dir/CheckSymbolExists.c.o
/usr/bin/cc    -o CMakeFiles/cmTC_44012.dir/CheckSymbolExists.c.o   -c /home/yllieroronnoc/playing_around_argh/build/CMakeFiles/CMakeTmp/CheckSymbolExists.c
Linking C executable cmTC_44012
/usr/bin/cmake -E cmake_link_script CMakeFiles/cmTC_44012.dir/link.txt --verbose=1
/usr/bin/cc      -rdynamic CMakeFiles/cmTC_44012.dir/CheckSymbolExists.c.o  -o cmTC_44012 
CMakeFiles/cmTC_44012.dir/CheckSymbolExists.c.o: In function `main':
CheckSymbolExists.c:(.text+0x1b): undefined reference to `pthread_create'
collect2: error: ld returned 1 exit status
CMakeFiles/cmTC_44012.dir/build.make:97: recipe for target 'cmTC_44012' failed
make[1]: *** [cmTC_44012] Error 1
make[1]: Leaving directory '/home/yllieroronnoc/playing_around_argh/build/CMakeFiles/CMakeTmp'
Makefile:126: recipe for target 'cmTC_44012/fast' failed
make: *** [cmTC_44012/fast] Error 2

File /home/yllieroronnoc/playing_around_argh/build/CMakeFiles/CMakeTmp/CheckSymbolExists.c:
/* */
#include <pthread.h>

int main(int argc, char** argv)
{
  (void)argv;
#ifndef pthread_create
  return ((int*)(&pthread_create))[argc];
#else
  (void)argc;
  return 0;
#endif
}

Determining if the function pthread_create exists in the pthreads failed with the following output:
Change Dir: /home/yllieroronnoc/playing_around_argh/build/CMakeFiles/CMakeTmp

Run Build Command:"/usr/bin/make" "cmTC_24cb4/fast"
/usr/bin/make -f CMakeFiles/cmTC_24cb4.dir/build.make CMakeFiles/cmTC_24cb4.dir/build
make[1]: Entering directory '/home/yllieroronnoc/playing_around_argh/build/CMakeFiles/CMakeTmp'
Building C object CMakeFiles/cmTC_24cb4.dir/CheckFunctionExists.c.o
/usr/bin/cc   -DCHECK_FUNCTION_EXISTS=pthread_create   -o CMakeFiles/cmTC_24cb4.dir/CheckFunctionExists.c.o   -c /usr/share/cmake-3.10/Modules/CheckFunctionExists.c
Linking C executable cmTC_24cb4
/usr/bin/cmake -E cmake_link_script CMakeFiles/cmTC_24cb4.dir/link.txt --verbose=1
/usr/bin/cc  -DCHECK_FUNCTION_EXISTS=pthread_create    -rdynamic CMakeFiles/cmTC_24cb4.dir/CheckFunctionExists.c.o  -o cmTC_24cb4 -lpthreads 
/usr/bin/ld: cannot find -lpthreads
collect2: error: ld returned 1 exit status
CMakeFiles/cmTC_24cb4.dir/build.make:97: recipe for target 'cmTC_24cb4' failed
make[1]: *** [cmTC_24cb4] Error 1
make[1]: Leaving directory '/home/yllieroronnoc/playing_around_argh/build/CMakeFiles/CMakeTmp'
Makefile:126: recipe for target 'cmTC_24cb4/fast' failed
make: *** [cmTC_24cb4/fast] Error 2


